<?xml version="1.0" encoding="UTF-8"?>
<!-- Generated by org.testng.reporters.JUnitReportReporter -->
<testsuite hostname="LAPTOP-4A762PS0" failures="0" tests="2" name="testcases.LoginTest" time="11.989" errors="0" timestamp="2023-04-25T13:15:26 IST" skipped="0">
  <testcase classname="testcases.LoginTest" name="loginToApplication" time="7.024"/>
  <system-out/>
  <testcase classname="testcases.LoginTest" name="loginToApplication" time="4.965"/>
  <system-out/>
</testsuite> <!-- testcases.LoginTest -->
